<?xml version="1.0" encoding="UTF-8"?>
<testsuite name="io.turntabl.SpringWeb.SpringWebApplicationTests" tests="1" skipped="0" failures="0" errors="0" timestamp="2019-11-20T15:43:17" hostname="ip-172-31-22-82" time="0.264">
  <properties/>
  <testcase name="contextLoads()" classname="io.turntabl.SpringWeb.SpringWebApplicationTests" time="0.264"/>
  <system-out><![CDATA[15:43:15.967 [Test worker] DEBUG org.springframework.test.context.BootstrapUtils - Instantiating CacheAwareContextLoaderDelegate from class [org.springframework.test.context.cache.DefaultCacheAwareContextLoaderDelegate]
15:43:15.984 [Test worker] DEBUG org.springframework.test.context.BootstrapUtils - Instantiating BootstrapContext using constructor [public org.springframework.test.context.support.DefaultBootstrapContext(java.lang.Class,org.springframework.test.context.CacheAwareContextLoaderDelegate)]
15:43:16.014 [Test worker] DEBUG org.springframework.test.context.BootstrapUtils - Instantiating TestContextBootstrapper for test class [io.turntabl.SpringWeb.SpringWebApplicationTests] from class [org.springframework.boot.test.context.SpringBootTestContextBootstrapper]
15:43:16.028 [Test worker] INFO org.springframework.boot.test.context.SpringBootTestContextBootstrapper - Neither @ContextConfiguration nor @ContextHierarchy found for test class [io.turntabl.SpringWeb.SpringWebApplicationTests], using SpringBootContextLoader
15:43:16.032 [Test worker] DEBUG org.springframework.test.context.support.AbstractContextLoader - Did not detect default resource location for test class [io.turntabl.SpringWeb.SpringWebApplicationTests]: class path resource [io/turntabl/SpringWeb/SpringWebApplicationTests-context.xml] does not exist
15:43:16.032 [Test worker] DEBUG org.springframework.test.context.support.AbstractContextLoader - Did not detect default resource location for test class [io.turntabl.SpringWeb.SpringWebApplicationTests]: class path resource [io/turntabl/SpringWeb/SpringWebApplicationTestsContext.groovy] does not exist
15:43:16.033 [Test worker] INFO org.springframework.test.context.support.AbstractContextLoader - Could not detect default resource locations for test class [io.turntabl.SpringWeb.SpringWebApplicationTests]: no resource found for suffixes {-context.xml, Context.groovy}.
15:43:16.033 [Test worker] INFO org.springframework.test.context.support.AnnotationConfigContextLoaderUtils - Could not detect default configuration classes for test class [io.turntabl.SpringWeb.SpringWebApplicationTests]: SpringWebApplicationTests does not declare any static, non-private, non-final, nested classes annotated with @Configuration.
15:43:16.066 [Test worker] DEBUG org.springframework.test.context.support.ActiveProfilesUtils - Could not find an 'annotation declaring class' for annotation type [org.springframework.test.context.ActiveProfiles] and class [io.turntabl.SpringWeb.SpringWebApplicationTests]
15:43:16.133 [Test worker] DEBUG org.springframework.context.annotation.ClassPathScanningCandidateComponentProvider - Identified candidate component class: file [/home/ali-fuseini/Desktop/spring-Web-Service/build/classes/java/main/io/turntabl/SpringWeb/SpringWebApplication.class]
15:43:16.134 [Test worker] INFO org.springframework.boot.test.context.SpringBootTestContextBootstrapper - Found @SpringBootConfiguration io.turntabl.SpringWeb.SpringWebApplication for test class io.turntabl.SpringWeb.SpringWebApplicationTests
15:43:16.223 [Test worker] DEBUG org.springframework.boot.test.context.SpringBootTestContextBootstrapper - @TestExecutionListeners is not present for class [io.turntabl.SpringWeb.SpringWebApplicationTests]: using defaults.
15:43:16.223 [Test worker] INFO org.springframework.boot.test.context.SpringBootTestContextBootstrapper - Loaded default TestExecutionListener class names from location [META-INF/spring.factories]: [org.springframework.boot.test.autoconfigure.restdocs.RestDocsTestExecutionListener, org.springframework.boot.test.autoconfigure.web.client.MockRestServiceServerResetTestExecutionListener, org.springframework.boot.test.autoconfigure.web.servlet.MockMvcPrintOnlyOnFailureTestExecutionListener, org.springframework.boot.test.autoconfigure.web.servlet.WebDriverTestExecutionListener, org.springframework.boot.test.mock.mockito.MockitoTestExecutionListener, org.springframework.boot.test.mock.mockito.ResetMocksTestExecutionListener, org.springframework.test.context.web.ServletTestExecutionListener, org.springframework.test.context.support.DirtiesContextBeforeModesTestExecutionListener, org.springframework.test.context.support.DependencyInjectionTestExecutionListener, org.springframework.test.context.support.DirtiesContextTestExecutionListener, org.springframework.test.context.transaction.TransactionalTestExecutionListener, org.springframework.test.context.jdbc.SqlScriptsTestExecutionListener, org.springframework.test.context.event.EventPublishingTestExecutionListener]
15:43:16.233 [Test worker] DEBUG org.springframework.boot.test.context.SpringBootTestContextBootstrapper - Skipping candidate TestExecutionListener [org.springframework.test.context.transaction.TransactionalTestExecutionListener] due to a missing dependency. Specify custom listener classes or make the default listener classes and their required dependencies available. Offending class: [org/springframework/transaction/TransactionDefinition]
15:43:16.233 [Test worker] DEBUG org.springframework.boot.test.context.SpringBootTestContextBootstrapper - Skipping candidate TestExecutionListener [org.springframework.test.context.jdbc.SqlScriptsTestExecutionListener] due to a missing dependency. Specify custom listener classes or make the default listener classes and their required dependencies available. Offending class: [org/springframework/transaction/interceptor/TransactionAttribute]
15:43:16.234 [Test worker] INFO org.springframework.boot.test.context.SpringBootTestContextBootstrapper - Using TestExecutionListeners: [org.springframework.test.context.web.ServletTestExecutionListener@4c026dbf, org.springframework.test.context.support.DirtiesContextBeforeModesTestExecutionListener@4c659c09, org.springframework.boot.test.mock.mockito.MockitoTestExecutionListener@4bcaa063, org.springframework.boot.test.autoconfigure.SpringBootDependencyInjectionTestExecutionListener@38434ec, org.springframework.test.context.support.DirtiesContextTestExecutionListener@5c34ceb6, org.springframework.test.context.event.EventPublishingTestExecutionListener@3cd184ed, org.springframework.boot.test.autoconfigure.restdocs.RestDocsTestExecutionListener@2286e2ac, org.springframework.boot.test.autoconfigure.web.client.MockRestServiceServerResetTestExecutionListener@879144, org.springframework.boot.test.autoconfigure.web.servlet.MockMvcPrintOnlyOnFailureTestExecutionListener@7abcae9c, org.springframework.boot.test.autoconfigure.web.servlet.WebDriverTestExecutionListener@4a7abbca, org.springframework.boot.test.mock.mockito.ResetMocksTestExecutionListener@5ffca3ab]
15:43:16.237 [Test worker] DEBUG org.springframework.test.context.support.AbstractDirtiesContextTestExecutionListener - Before test class: context [DefaultTestContext@32a95d8e testClass = SpringWebApplicationTests, testInstance = [null], testMethod = [null], testException = [null], mergedContextConfiguration = [WebMergedContextConfiguration@1a490103 testClass = SpringWebApplicationTests, locations = '{}', classes = '{class io.turntabl.SpringWeb.SpringWebApplication}', contextInitializerClasses = '[]', activeProfiles = '{}', propertySourceLocations = '{}', propertySourceProperties = '{org.springframework.boot.test.context.SpringBootTestContextBootstrapper=true}', contextCustomizers = set[org.springframework.boot.test.autoconfigure.properties.PropertyMappingContextCustomizer@0, org.springframework.boot.test.autoconfigure.web.servlet.WebDriverContextCustomizerFactory$Customizer@5e6021db, org.springframework.boot.test.context.filter.ExcludeFilterContextCustomizer@4cffebef, org.springframework.boot.test.json.DuplicateJsonObjectContextCustomizerFactory$DuplicateJsonObjectContextCustomizer@3dcda72d, org.springframework.boot.test.mock.mockito.MockitoContextCustomizer@0, org.springframework.boot.test.web.client.TestRestTemplateContextCustomizer@26eda22d], resourceBasePath = 'src/main/webapp', contextLoader = 'org.springframework.boot.test.context.SpringBootContextLoader', parent = [null]], attributes = map['org.springframework.test.context.web.ServletTestExecutionListener.activateListener' -> true]], class annotated with @DirtiesContext [false] with mode [null].
15:43:16.263 [Test worker] DEBUG org.springframework.test.context.support.TestPropertySourceUtils - Adding inlined properties to environment: {spring.jmx.enabled=false, org.springframework.boot.test.context.SpringBootTestContextBootstrapper=true, server.port=-1}

  .   ____          _            __ _ _
 /\\ / ___'_ __ _ _(_)_ __  __ _ \ \ \ \
( ( )\___ | '_ | '_| | '_ \/ _` | \ \ \ \
 \\/  ___)| |_)| | | | | || (_| |  ) ) ) )
  '  |____| .__|_| |_|_| |_\__, | / / / /
 =========|_|==============|___/=/_/_/_/
 :: Spring Boot ::        (v2.2.1.RELEASE)

2019-11-20 15:43:16.515  INFO 29218 --- [    Test worker] i.t.SpringWeb.SpringWebApplicationTests  : Starting SpringWebApplicationTests on ip-172-31-22-82 with PID 29218 (started by ali-fuseini in /home/ali-fuseini/Desktop/spring-Web-Service)
2019-11-20 15:43:16.517  INFO 29218 --- [    Test worker] i.t.SpringWeb.SpringWebApplicationTests  : No active profile set, falling back to default profiles: default
2019-11-20 15:43:17.647  INFO 29218 --- [    Test worker] o.s.s.concurrent.ThreadPoolTaskExecutor  : Initializing ExecutorService 'applicationTaskExecutor'
2019-11-20 15:43:17.859  INFO 29218 --- [    Test worker] i.t.SpringWeb.SpringWebApplicationTests  : Started SpringWebApplicationTests in 1.587 seconds (JVM running for 2.852)
]]></system-out>
  <system-err><![CDATA[]]></system-err>
</testsuite>
